{"C:\\Users\\krist\\WebstormProjects\\api_design\\src\\client\\headerbar.jsx": {"path":"C:\\Users\\krist\\WebstormProjects\\api_design\\src\\client\\headerbar.jsx","statementMap":{"0":{"start":{"line":10,"column":4},"end":{"line":10,"column":17}},"1":{"start":{"line":13,"column":13},"end":{"line":32,"column":3}},"2":{"start":{"line":14,"column":16},"end":{"line":14,"column":29}},"3":{"start":{"line":18,"column":4},"end":{"line":23,"column":5}},"4":{"start":{"line":19,"column":6},"end":{"line":19,"column":54}},"5":{"start":{"line":21,"column":6},"end":{"line":21,"column":51}},"6":{"start":{"line":22,"column":6},"end":{"line":22,"column":13}},"7":{"start":{"line":25,"column":4},"end":{"line":28,"column":5}},"8":{"start":{"line":26,"column":6},"end":{"line":26,"column":79}},"9":{"start":{"line":27,"column":6},"end":{"line":27,"column":13}},"10":{"start":{"line":30,"column":4},"end":{"line":30,"column":40}},"11":{"start":{"line":31,"column":4},"end":{"line":31,"column":33}},"12":{"start":{"line":35,"column":4},"end":{"line":46,"column":6}},"13":{"start":{"line":50,"column":4},"end":{"line":62,"column":6}},"14":{"start":{"line":66,"column":19},"end":{"line":66,"column":36}},"15":{"start":{"line":69,"column":4},"end":{"line":73,"column":5}},"16":{"start":{"line":70,"column":6},"end":{"line":70,"column":41}},"17":{"start":{"line":72,"column":6},"end":{"line":72,"column":44}},"18":{"start":{"line":75,"column":4},"end":{"line":82,"column":6}}},"fnMap":{"0":{"name":"(anonymous_0)","decl":{"start":{"line":9,"column":2},"end":{"line":9,"column":3}},"loc":{"start":{"line":9,"column":21},"end":{"line":11,"column":3}},"line":9},"1":{"name":"(anonymous_1)","decl":{"start":{"line":13,"column":13},"end":{"line":13,"column":14}},"loc":{"start":{"line":13,"column":25},"end":{"line":32,"column":3}},"line":13},"2":{"name":"(anonymous_2)","decl":{"start":{"line":34,"column":2},"end":{"line":34,"column":3}},"loc":{"start":{"line":34,"column":25},"end":{"line":47,"column":3}},"line":34},"3":{"name":"(anonymous_3)","decl":{"start":{"line":49,"column":2},"end":{"line":49,"column":3}},"loc":{"start":{"line":49,"column":22},"end":{"line":63,"column":3}},"line":49},"4":{"name":"(anonymous_4)","decl":{"start":{"line":65,"column":2},"end":{"line":65,"column":3}},"loc":{"start":{"line":65,"column":11},"end":{"line":83,"column":3}},"line":65}},"branchMap":{"0":{"loc":{"start":{"line":25,"column":4},"end":{"line":28,"column":5}},"type":"if","locations":[{"start":{"line":25,"column":4},"end":{"line":28,"column":5}},{"start":{"line":25,"column":4},"end":{"line":28,"column":5}}],"line":25},"1":{"loc":{"start":{"line":69,"column":4},"end":{"line":73,"column":5}},"type":"if","locations":[{"start":{"line":69,"column":4},"end":{"line":73,"column":5}},{"start":{"line":69,"column":4},"end":{"line":73,"column":5}}],"line":69}},"s":{"0":3,"1":3,"2":1,"3":1,"4":1,"5":0,"6":0,"7":1,"8":0,"9":0,"10":1,"11":1,"12":2,"13":1,"14":3,"15":3,"16":1,"17":2,"18":3},"f":{"0":3,"1":1,"2":2,"3":1,"4":3},"b":{"0":[0,1],"1":[1,2]},"_coverageSchema":"1a1c01bbd47fc00a2c39e90264f33305004495a9","hash":"365d5437f0e0b4ca7d6b9c50cd4eb1a91ce71b63"}
,"C:\\Users\\krist\\WebstormProjects\\api_design\\src\\client\\home.jsx": {"path":"C:\\Users\\krist\\WebstormProjects\\api_design\\src\\client\\home.jsx","statementMap":{"0":{"start":{"line":7,"column":8},"end":{"line":7,"column":21}},"1":{"start":{"line":11,"column":8},"end":{"line":13,"column":9}},"2":{"start":{"line":12,"column":12},"end":{"line":12,"column":48}},"3":{"start":{"line":18,"column":21},"end":{"line":18,"column":36}},"4":{"start":{"line":20,"column":8},"end":{"line":56,"column":10}}},"fnMap":{"0":{"name":"(anonymous_0)","decl":{"start":{"line":6,"column":4},"end":{"line":6,"column":5}},"loc":{"start":{"line":6,"column":23},"end":{"line":8,"column":5}},"line":6},"1":{"name":"(anonymous_1)","decl":{"start":{"line":10,"column":4},"end":{"line":10,"column":5}},"loc":{"start":{"line":10,"column":24},"end":{"line":14,"column":5}},"line":10},"2":{"name":"(anonymous_2)","decl":{"start":{"line":17,"column":4},"end":{"line":17,"column":5}},"loc":{"start":{"line":17,"column":13},"end":{"line":57,"column":5}},"line":17}},"branchMap":{"0":{"loc":{"start":{"line":11,"column":8},"end":{"line":13,"column":9}},"type":"if","locations":[{"start":{"line":11,"column":8},"end":{"line":13,"column":9}},{"start":{"line":11,"column":8},"end":{"line":13,"column":9}}],"line":11},"1":{"loc":{"start":{"line":39,"column":17},"end":{"line":53,"column":17}},"type":"cond-expr","locations":[{"start":{"line":40,"column":20},"end":{"line":48,"column":26}},{"start":{"line":50,"column":20},"end":{"line":52,"column":24}}],"line":39}},"s":{"0":2,"1":2,"2":1,"3":2,"4":2},"f":{"0":2,"1":2,"2":2},"b":{"0":[1,1],"1":[1,1]},"_coverageSchema":"1a1c01bbd47fc00a2c39e90264f33305004495a9","hash":"59f03b16439a886adfeec9f45403b413194257f8"}
,"C:\\Users\\krist\\WebstormProjects\\api_design\\src\\client\\index.jsx": {"path":"C:\\Users\\krist\\WebstormProjects\\api_design\\src\\client\\index.jsx","statementMap":{"0":{"start":{"line":15,"column":8},"end":{"line":15,"column":21}},"1":{"start":{"line":24,"column":8},"end":{"line":27,"column":10}},"2":{"start":{"line":43,"column":8},"end":{"line":43,"column":38}},"3":{"start":{"line":46,"column":23},"end":{"line":46,"column":28}},"4":{"start":{"line":47,"column":8},"end":{"line":49,"column":9}},"5":{"start":{"line":48,"column":12},"end":{"line":48,"column":30}},"6":{"start":{"line":51,"column":8},"end":{"line":51,"column":76}},"7":{"start":{"line":53,"column":8},"end":{"line":63,"column":11}},"8":{"start":{"line":55,"column":24},"end":{"line":55,"column":46}},"9":{"start":{"line":57,"column":12},"end":{"line":60,"column":13}},"10":{"start":{"line":58,"column":16},"end":{"line":58,"column":52}},"11":{"start":{"line":59,"column":16},"end":{"line":59,"column":23}},"12":{"start":{"line":62,"column":12},"end":{"line":62,"column":54}},"13":{"start":{"line":67,"column":8},"end":{"line":67,"column":28}},"14":{"start":{"line":70,"column":29},"end":{"line":97,"column":5}},"15":{"start":{"line":72,"column":20},"end":{"line":72,"column":31}},"16":{"start":{"line":76,"column":8},"end":{"line":83,"column":9}},"17":{"start":{"line":77,"column":12},"end":{"line":79,"column":15}},"18":{"start":{"line":81,"column":12},"end":{"line":81,"column":77}},"19":{"start":{"line":82,"column":12},"end":{"line":82,"column":19}},"20":{"start":{"line":85,"column":8},"end":{"line":89,"column":9}},"21":{"start":{"line":87,"column":12},"end":{"line":87,"column":42}},"22":{"start":{"line":88,"column":12},"end":{"line":88,"column":19}},"23":{"start":{"line":91,"column":8},"end":{"line":96,"column":9}},"24":{"start":{"line":94,"column":28},"end":{"line":94,"column":49}},"25":{"start":{"line":95,"column":12},"end":{"line":95,"column":45}},"26":{"start":{"line":99,"column":25},"end":{"line":101,"column":5}},"27":{"start":{"line":100,"column":8},"end":{"line":100,"column":36}},"28":{"start":{"line":105,"column":8},"end":{"line":112,"column":10}},"29":{"start":{"line":124,"column":19},"end":{"line":124,"column":62}},"30":{"start":{"line":126,"column":8},"end":{"line":153,"column":10}},"31":{"start":{"line":133,"column":48},"end":{"line":137,"column":33}},"32":{"start":{"line":139,"column":48},"end":{"line":140,"column":109}},"33":{"start":{"line":142,"column":48},"end":{"line":143,"column":110}},"34":{"start":{"line":145,"column":48},"end":{"line":148,"column":108}},"35":{"start":{"line":157,"column":0},"end":{"line":157,"column":57}}},"fnMap":{"0":{"name":"(anonymous_0)","decl":{"start":{"line":14,"column":4},"end":{"line":14,"column":5}},"loc":{"start":{"line":14,"column":23},"end":{"line":28,"column":5}},"line":14},"1":{"name":"(anonymous_1)","decl":{"start":{"line":42,"column":4},"end":{"line":42,"column":5}},"loc":{"start":{"line":42,"column":24},"end":{"line":64,"column":5}},"line":42},"2":{"name":"(anonymous_2)","decl":{"start":{"line":53,"column":34},"end":{"line":53,"column":35}},"loc":{"start":{"line":53,"column":43},"end":{"line":63,"column":9}},"line":53},"3":{"name":"(anonymous_3)","decl":{"start":{"line":66,"column":4},"end":{"line":66,"column":5}},"loc":{"start":{"line":66,"column":27},"end":{"line":68,"column":5}},"line":66},"4":{"name":"(anonymous_4)","decl":{"start":{"line":70,"column":29},"end":{"line":70,"column":30}},"loc":{"start":{"line":70,"column":41},"end":{"line":97,"column":5}},"line":70},"5":{"name":"(anonymous_5)","decl":{"start":{"line":99,"column":25},"end":{"line":99,"column":26}},"loc":{"start":{"line":99,"column":35},"end":{"line":101,"column":5}},"line":99},"6":{"name":"(anonymous_6)","decl":{"start":{"line":104,"column":4},"end":{"line":104,"column":5}},"loc":{"start":{"line":104,"column":15},"end":{"line":113,"column":5}},"line":104},"7":{"name":"(anonymous_7)","decl":{"start":{"line":116,"column":4},"end":{"line":116,"column":5}},"loc":{"start":{"line":116,"column":13},"end":{"line":154,"column":5}},"line":116},"8":{"name":"(anonymous_8)","decl":{"start":{"line":133,"column":39},"end":{"line":133,"column":40}},"loc":{"start":{"line":133,"column":48},"end":{"line":137,"column":33}},"line":133},"9":{"name":"(anonymous_9)","decl":{"start":{"line":139,"column":39},"end":{"line":139,"column":40}},"loc":{"start":{"line":139,"column":48},"end":{"line":140,"column":109}},"line":139},"10":{"name":"(anonymous_10)","decl":{"start":{"line":142,"column":39},"end":{"line":142,"column":40}},"loc":{"start":{"line":142,"column":48},"end":{"line":143,"column":110}},"line":142},"11":{"name":"(anonymous_11)","decl":{"start":{"line":145,"column":39},"end":{"line":145,"column":40}},"loc":{"start":{"line":145,"column":48},"end":{"line":148,"column":108}},"line":145}},"branchMap":{"0":{"loc":{"start":{"line":47,"column":8},"end":{"line":49,"column":9}},"type":"if","locations":[{"start":{"line":47,"column":8},"end":{"line":49,"column":9}},{"start":{"line":47,"column":8},"end":{"line":49,"column":9}}],"line":47},"1":{"loc":{"start":{"line":57,"column":12},"end":{"line":60,"column":13}},"type":"if","locations":[{"start":{"line":57,"column":12},"end":{"line":60,"column":13}},{"start":{"line":57,"column":12},"end":{"line":60,"column":13}}],"line":57},"2":{"loc":{"start":{"line":57,"column":16},"end":{"line":57,"column":38}},"type":"binary-expr","locations":[{"start":{"line":57,"column":16},"end":{"line":57,"column":20}},{"start":{"line":57,"column":24},"end":{"line":57,"column":38}}],"line":57},"3":{"loc":{"start":{"line":85,"column":8},"end":{"line":89,"column":9}},"type":"if","locations":[{"start":{"line":85,"column":8},"end":{"line":89,"column":9}},{"start":{"line":85,"column":8},"end":{"line":89,"column":9}}],"line":85},"4":{"loc":{"start":{"line":91,"column":8},"end":{"line":96,"column":9}},"type":"if","locations":[{"start":{"line":91,"column":8},"end":{"line":96,"column":9}},{"start":{"line":91,"column":8},"end":{"line":96,"column":9}}],"line":91},"5":{"loc":{"start":{"line":124,"column":19},"end":{"line":124,"column":62}},"type":"cond-expr","locations":[{"start":{"line":124,"column":37},"end":{"line":124,"column":55}},{"start":{"line":124,"column":58},"end":{"line":124,"column":62}}],"line":124}},"s":{"0":0,"1":0,"2":0,"3":0,"4":0,"5":0,"6":0,"7":0,"8":0,"9":0,"10":0,"11":0,"12":0,"13":0,"14":0,"15":0,"16":0,"17":0,"18":0,"19":0,"20":0,"21":0,"22":0,"23":0,"24":0,"25":0,"26":0,"27":0,"28":0,"29":0,"30":0,"31":0,"32":0,"33":0,"34":0,"35":0},"f":{"0":0,"1":0,"2":0,"3":0,"4":0,"5":0,"6":0,"7":0,"8":0,"9":0,"10":0,"11":0},"b":{"0":[0,0],"1":[0,0],"2":[0,0],"3":[0,0],"4":[0,0],"5":[0,0]}}
,"C:\\Users\\krist\\WebstormProjects\\api_design\\src\\client\\login.jsx": {"path":"C:\\Users\\krist\\WebstormProjects\\api_design\\src\\client\\login.jsx","statementMap":{"0":{"start":{"line":8,"column":8},"end":{"line":8,"column":21}},"1":{"start":{"line":10,"column":8},"end":{"line":14,"column":10}},"2":{"start":{"line":17,"column":21},"end":{"line":19,"column":5}},"3":{"start":{"line":18,"column":8},"end":{"line":18,"column":52}},"4":{"start":{"line":21,"column":23},"end":{"line":23,"column":5}},"5":{"start":{"line":22,"column":8},"end":{"line":22,"column":54}},"6":{"start":{"line":25,"column":14},"end":{"line":61,"column":5}},"7":{"start":{"line":26,"column":35},"end":{"line":26,"column":45}},"8":{"start":{"line":28,"column":20},"end":{"line":28,"column":32}},"9":{"start":{"line":30,"column":24},"end":{"line":30,"column":60}},"10":{"start":{"line":34,"column":8},"end":{"line":45,"column":9}},"11":{"start":{"line":35,"column":12},"end":{"line":41,"column":15}},"12":{"start":{"line":43,"column":12},"end":{"line":43,"column":76}},"13":{"start":{"line":44,"column":12},"end":{"line":44,"column":19}},"14":{"start":{"line":48,"column":8},"end":{"line":51,"column":9}},"15":{"start":{"line":49,"column":12},"end":{"line":49,"column":65}},"16":{"start":{"line":50,"column":12},"end":{"line":50,"column":19}},"17":{"start":{"line":53,"column":8},"end":{"line":56,"column":9}},"18":{"start":{"line":54,"column":12},"end":{"line":54,"column":104}},"19":{"start":{"line":55,"column":12},"end":{"line":55,"column":19}},"20":{"start":{"line":58,"column":8},"end":{"line":58,"column":40}},"21":{"start":{"line":59,"column":8},"end":{"line":59,"column":50}},"22":{"start":{"line":60,"column":8},"end":{"line":60,"column":37}},"23":{"start":{"line":66,"column":20},"end":{"line":66,"column":31}},"24":{"start":{"line":67,"column":8},"end":{"line":69,"column":9}},"25":{"start":{"line":68,"column":12},"end":{"line":68,"column":80}},"26":{"start":{"line":72,"column":8},"end":{"line":95,"column":20}}},"fnMap":{"0":{"name":"(anonymous_0)","decl":{"start":{"line":7,"column":4},"end":{"line":7,"column":5}},"loc":{"start":{"line":7,"column":22},"end":{"line":15,"column":5}},"line":7},"1":{"name":"(anonymous_1)","decl":{"start":{"line":17,"column":21},"end":{"line":17,"column":22}},"loc":{"start":{"line":17,"column":31},"end":{"line":19,"column":5}},"line":17},"2":{"name":"(anonymous_2)","decl":{"start":{"line":21,"column":23},"end":{"line":21,"column":24}},"loc":{"start":{"line":21,"column":34},"end":{"line":23,"column":5}},"line":21},"3":{"name":"(anonymous_3)","decl":{"start":{"line":25,"column":14},"end":{"line":25,"column":15}},"loc":{"start":{"line":25,"column":26},"end":{"line":61,"column":5}},"line":25},"4":{"name":"(anonymous_4)","decl":{"start":{"line":64,"column":4},"end":{"line":64,"column":5}},"loc":{"start":{"line":64,"column":12},"end":{"line":96,"column":5}},"line":64}},"branchMap":{"0":{"loc":{"start":{"line":48,"column":8},"end":{"line":51,"column":9}},"type":"if","locations":[{"start":{"line":48,"column":8},"end":{"line":51,"column":9}},{"start":{"line":48,"column":8},"end":{"line":51,"column":9}}],"line":48},"1":{"loc":{"start":{"line":53,"column":8},"end":{"line":56,"column":9}},"type":"if","locations":[{"start":{"line":53,"column":8},"end":{"line":56,"column":9}},{"start":{"line":53,"column":8},"end":{"line":56,"column":9}}],"line":53},"2":{"loc":{"start":{"line":67,"column":8},"end":{"line":69,"column":9}},"type":"if","locations":[{"start":{"line":67,"column":8},"end":{"line":69,"column":9}},{"start":{"line":67,"column":8},"end":{"line":69,"column":9}}],"line":67}},"s":{"0":2,"1":2,"2":2,"3":2,"4":2,"5":2,"6":2,"7":2,"8":2,"9":2,"10":2,"11":2,"12":0,"13":0,"14":2,"15":1,"16":1,"17":1,"18":0,"19":0,"20":1,"21":1,"22":1,"23":8,"24":8,"25":1,"26":8},"f":{"0":2,"1":2,"2":2,"3":2,"4":8},"b":{"0":[1,1],"1":[0,1],"2":[1,7]},"_coverageSchema":"1a1c01bbd47fc00a2c39e90264f33305004495a9","hash":"9a272489edf4e96c0bd63ece5fa262629ab60788"}
,"C:\\Users\\krist\\WebstormProjects\\api_design\\src\\client\\match.jsx": {"path":"C:\\Users\\krist\\WebstormProjects\\api_design\\src\\client\\match.jsx","statementMap":{"0":{"start":{"line":8,"column":8},"end":{"line":8,"column":21}},"1":{"start":{"line":10,"column":8},"end":{"line":13,"column":10}},"2":{"start":{"line":17,"column":8},"end":{"line":17,"column":33}},"3":{"start":{"line":20,"column":24},"end":{"line":52,"column":5}},"4":{"start":{"line":21,"column":20},"end":{"line":21,"column":42}},"5":{"start":{"line":25,"column":8},"end":{"line":32,"column":9}},"6":{"start":{"line":26,"column":12},"end":{"line":28,"column":15}},"7":{"start":{"line":30,"column":12},"end":{"line":30,"column":77}},"8":{"start":{"line":31,"column":12},"end":{"line":31,"column":19}},"9":{"start":{"line":34,"column":8},"end":{"line":38,"column":9}},"10":{"start":{"line":35,"column":12},"end":{"line":35,"column":48}},"11":{"start":{"line":36,"column":12},"end":{"line":36,"column":41}},"12":{"start":{"line":37,"column":12},"end":{"line":37,"column":19}},"13":{"start":{"line":40,"column":8},"end":{"line":43,"column":9}},"14":{"start":{"line":41,"column":12},"end":{"line":41,"column":39}},"15":{"start":{"line":42,"column":12},"end":{"line":42,"column":19}},"16":{"start":{"line":45,"column":8},"end":{"line":48,"column":9}},"17":{"start":{"line":46,"column":12},"end":{"line":46,"column":96}},"18":{"start":{"line":47,"column":12},"end":{"line":47,"column":19}},"19":{"start":{"line":50,"column":22},"end":{"line":50,"column":43}},"20":{"start":{"line":51,"column":8},"end":{"line":51,"column":54}},"21":{"start":{"line":55,"column":20},"end":{"line":83,"column":5}},"22":{"start":{"line":57,"column":20},"end":{"line":57,"column":34}},"23":{"start":{"line":61,"column":8},"end":{"line":68,"column":9}},"24":{"start":{"line":62,"column":12},"end":{"line":64,"column":15}},"25":{"start":{"line":66,"column":12},"end":{"line":66,"column":77}},"26":{"start":{"line":67,"column":12},"end":{"line":67,"column":19}},"27":{"start":{"line":70,"column":8},"end":{"line":74,"column":9}},"28":{"start":{"line":71,"column":12},"end":{"line":71,"column":48}},"29":{"start":{"line":72,"column":12},"end":{"line":72,"column":41}},"30":{"start":{"line":73,"column":12},"end":{"line":73,"column":19}},"31":{"start":{"line":76,"column":8},"end":{"line":79,"column":9}},"32":{"start":{"line":77,"column":12},"end":{"line":77,"column":96}},"33":{"start":{"line":78,"column":12},"end":{"line":78,"column":19}},"34":{"start":{"line":81,"column":22},"end":{"line":81,"column":43}},"35":{"start":{"line":82,"column":8},"end":{"line":82,"column":54}},"36":{"start":{"line":86,"column":16},"end":{"line":92,"column":5}},"37":{"start":{"line":87,"column":8},"end":{"line":91,"column":10}},"38":{"start":{"line":88,"column":54},"end":{"line":88,"column":74}},"39":{"start":{"line":94,"column":15},"end":{"line":129,"column":5}},"40":{"start":{"line":95,"column":20},"end":{"line":95,"column":42}},"41":{"start":{"line":99,"column":8},"end":{"line":110,"column":9}},"42":{"start":{"line":100,"column":12},"end":{"line":106,"column":15}},"43":{"start":{"line":108,"column":12},"end":{"line":108,"column":77}},"44":{"start":{"line":109,"column":12},"end":{"line":109,"column":19}},"45":{"start":{"line":112,"column":8},"end":{"line":116,"column":9}},"46":{"start":{"line":113,"column":12},"end":{"line":113,"column":48}},"47":{"start":{"line":114,"column":12},"end":{"line":114,"column":41}},"48":{"start":{"line":115,"column":12},"end":{"line":115,"column":19}},"49":{"start":{"line":118,"column":8},"end":{"line":121,"column":9}},"50":{"start":{"line":119,"column":12},"end":{"line":119,"column":96}},"51":{"start":{"line":120,"column":12},"end":{"line":120,"column":19}},"52":{"start":{"line":123,"column":22},"end":{"line":123,"column":43}},"53":{"start":{"line":124,"column":8},"end":{"line":124,"column":54}},"54":{"start":{"line":126,"column":8},"end":{"line":128,"column":9}},"55":{"start":{"line":127,"column":12},"end":{"line":127,"column":54}},"56":{"start":{"line":132,"column":26},"end":{"line":137,"column":5}},"57":{"start":{"line":133,"column":8},"end":{"line":136,"column":15}},"58":{"start":{"line":141,"column":8},"end":{"line":143,"column":9}},"59":{"start":{"line":142,"column":12},"end":{"line":142,"column":57}},"60":{"start":{"line":145,"column":8},"end":{"line":147,"column":9}},"61":{"start":{"line":146,"column":12},"end":{"line":146,"column":39}},"62":{"start":{"line":149,"column":8},"end":{"line":157,"column":9}},"63":{"start":{"line":150,"column":12},"end":{"line":156,"column":14}},"64":{"start":{"line":159,"column":8},"end":{"line":167,"column":9}},"65":{"start":{"line":160,"column":12},"end":{"line":166,"column":14}},"66":{"start":{"line":170,"column":22},"end":{"line":170,"column":38}},"67":{"start":{"line":171,"column":22},"end":{"line":171,"column":79}},"68":{"start":{"line":173,"column":8},"end":{"line":183,"column":10}}},"fnMap":{"0":{"name":"(anonymous_0)","decl":{"start":{"line":7,"column":4},"end":{"line":7,"column":5}},"loc":{"start":{"line":7,"column":23},"end":{"line":14,"column":5}},"line":7},"1":{"name":"(anonymous_1)","decl":{"start":{"line":16,"column":4},"end":{"line":16,"column":5}},"loc":{"start":{"line":16,"column":24},"end":{"line":18,"column":5}},"line":16},"2":{"name":"(anonymous_2)","decl":{"start":{"line":20,"column":24},"end":{"line":20,"column":25}},"loc":{"start":{"line":20,"column":36},"end":{"line":52,"column":5}},"line":20},"3":{"name":"(anonymous_3)","decl":{"start":{"line":55,"column":20},"end":{"line":55,"column":21}},"loc":{"start":{"line":55,"column":32},"end":{"line":83,"column":5}},"line":55},"4":{"name":"(anonymous_4)","decl":{"start":{"line":86,"column":16},"end":{"line":86,"column":17}},"loc":{"start":{"line":86,"column":35},"end":{"line":92,"column":5}},"line":86},"5":{"name":"(anonymous_5)","decl":{"start":{"line":88,"column":48},"end":{"line":88,"column":49}},"loc":{"start":{"line":88,"column":54},"end":{"line":88,"column":74}},"line":88},"6":{"name":"(anonymous_6)","decl":{"start":{"line":94,"column":15},"end":{"line":94,"column":16}},"loc":{"start":{"line":94,"column":32},"end":{"line":129,"column":5}},"line":94},"7":{"name":"(anonymous_7)","decl":{"start":{"line":132,"column":26},"end":{"line":132,"column":27}},"loc":{"start":{"line":132,"column":32},"end":{"line":137,"column":5}},"line":132},"8":{"name":"(anonymous_8)","decl":{"start":{"line":139,"column":4},"end":{"line":139,"column":5}},"loc":{"start":{"line":139,"column":13},"end":{"line":184,"column":5}},"line":139}},"branchMap":{"0":{"loc":{"start":{"line":34,"column":8},"end":{"line":38,"column":9}},"type":"if","locations":[{"start":{"line":34,"column":8},"end":{"line":38,"column":9}},{"start":{"line":34,"column":8},"end":{"line":38,"column":9}}],"line":34},"1":{"loc":{"start":{"line":40,"column":8},"end":{"line":43,"column":9}},"type":"if","locations":[{"start":{"line":40,"column":8},"end":{"line":43,"column":9}},{"start":{"line":40,"column":8},"end":{"line":43,"column":9}}],"line":40},"2":{"loc":{"start":{"line":45,"column":8},"end":{"line":48,"column":9}},"type":"if","locations":[{"start":{"line":45,"column":8},"end":{"line":48,"column":9}},{"start":{"line":45,"column":8},"end":{"line":48,"column":9}}],"line":45},"3":{"loc":{"start":{"line":70,"column":8},"end":{"line":74,"column":9}},"type":"if","locations":[{"start":{"line":70,"column":8},"end":{"line":74,"column":9}},{"start":{"line":70,"column":8},"end":{"line":74,"column":9}}],"line":70},"4":{"loc":{"start":{"line":76,"column":8},"end":{"line":79,"column":9}},"type":"if","locations":[{"start":{"line":76,"column":8},"end":{"line":79,"column":9}},{"start":{"line":76,"column":8},"end":{"line":79,"column":9}}],"line":76},"5":{"loc":{"start":{"line":112,"column":8},"end":{"line":116,"column":9}},"type":"if","locations":[{"start":{"line":112,"column":8},"end":{"line":116,"column":9}},{"start":{"line":112,"column":8},"end":{"line":116,"column":9}}],"line":112},"6":{"loc":{"start":{"line":118,"column":8},"end":{"line":121,"column":9}},"type":"if","locations":[{"start":{"line":118,"column":8},"end":{"line":121,"column":9}},{"start":{"line":118,"column":8},"end":{"line":121,"column":9}}],"line":118},"7":{"loc":{"start":{"line":126,"column":8},"end":{"line":128,"column":9}},"type":"if","locations":[{"start":{"line":126,"column":8},"end":{"line":128,"column":9}},{"start":{"line":126,"column":8},"end":{"line":128,"column":9}}],"line":126},"8":{"loc":{"start":{"line":126,"column":11},"end":{"line":126,"column":40}},"type":"binary-expr","locations":[{"start":{"line":126,"column":11},"end":{"line":126,"column":24}},{"start":{"line":126,"column":28},"end":{"line":126,"column":40}}],"line":126},"9":{"loc":{"start":{"line":141,"column":8},"end":{"line":143,"column":9}},"type":"if","locations":[{"start":{"line":141,"column":8},"end":{"line":143,"column":9}},{"start":{"line":141,"column":8},"end":{"line":143,"column":9}}],"line":141},"10":{"loc":{"start":{"line":145,"column":8},"end":{"line":147,"column":9}},"type":"if","locations":[{"start":{"line":145,"column":8},"end":{"line":147,"column":9}},{"start":{"line":145,"column":8},"end":{"line":147,"column":9}}],"line":145},"11":{"loc":{"start":{"line":149,"column":8},"end":{"line":157,"column":9}},"type":"if","locations":[{"start":{"line":149,"column":8},"end":{"line":157,"column":9}},{"start":{"line":149,"column":8},"end":{"line":157,"column":9}}],"line":149},"12":{"loc":{"start":{"line":154,"column":21},"end":{"line":154,"column":74}},"type":"cond-expr","locations":[{"start":{"line":154,"column":39},"end":{"line":154,"column":65}},{"start":{"line":154,"column":68},"end":{"line":154,"column":74}}],"line":154},"13":{"loc":{"start":{"line":159,"column":8},"end":{"line":167,"column":9}},"type":"if","locations":[{"start":{"line":159,"column":8},"end":{"line":167,"column":9}},{"start":{"line":159,"column":8},"end":{"line":167,"column":9}}],"line":159},"14":{"loc":{"start":{"line":164,"column":21},"end":{"line":164,"column":74}},"type":"cond-expr","locations":[{"start":{"line":164,"column":39},"end":{"line":164,"column":65}},{"start":{"line":164,"column":68},"end":{"line":164,"column":74}}],"line":164}},"s":{"0":4,"1":4,"2":4,"3":4,"4":4,"5":4,"6":4,"7":0,"8":0,"9":4,"10":0,"11":0,"12":0,"13":4,"14":0,"15":0,"16":4,"17":0,"18":0,"19":4,"20":4,"21":4,"22":0,"23":0,"24":0,"25":0,"26":0,"27":0,"28":0,"29":0,"30":0,"31":0,"32":0,"33":0,"34":0,"35":0,"36":4,"37":28,"38":5,"39":4,"40":5,"41":5,"42":5,"43":0,"44":0,"45":5,"46":0,"47":0,"48":0,"49":5,"50":0,"51":0,"52":5,"53":5,"54":5,"55":2,"56":4,"57":0,"58":13,"59":0,"60":13,"61":4,"62":9,"63":1,"64":8,"65":1,"66":7,"67":7,"68":7},"f":{"0":4,"1":4,"2":4,"3":0,"4":28,"5":5,"6":5,"7":0,"8":13},"b":{"0":[0,4],"1":[0,4],"2":[0,4],"3":[0,0],"4":[0,0],"5":[0,5],"6":[0,5],"7":[2,3],"8":[5,4],"9":[0,13],"10":[4,9],"11":[1,8],"12":[0,1],"13":[1,7],"14":[0,1]},"_coverageSchema":"1a1c01bbd47fc00a2c39e90264f33305004495a9","hash":"a3ce2e512ae7c67599c27fc99f4c1d1b166b15e2"}
,"C:\\Users\\krist\\WebstormProjects\\api_design\\src\\client\\signup.jsx": {"path":"C:\\Users\\krist\\WebstormProjects\\api_design\\src\\client\\signup.jsx","statementMap":{"0":{"start":{"line":7,"column":8},"end":{"line":7,"column":21}},"1":{"start":{"line":9,"column":8},"end":{"line":14,"column":10}},"2":{"start":{"line":17,"column":21},"end":{"line":19,"column":5}},"3":{"start":{"line":18,"column":8},"end":{"line":18,"column":68}},"4":{"start":{"line":21,"column":23},"end":{"line":23,"column":5}},"5":{"start":{"line":22,"column":8},"end":{"line":22,"column":70}},"6":{"start":{"line":25,"column":22},"end":{"line":27,"column":5}},"7":{"start":{"line":26,"column":8},"end":{"line":26,"column":69}},"8":{"start":{"line":29,"column":15},"end":{"line":71,"column":5}},"9":{"start":{"line":31,"column":44},"end":{"line":31,"column":54}},"10":{"start":{"line":33,"column":8},"end":{"line":36,"column":9}},"11":{"start":{"line":34,"column":12},"end":{"line":34,"column":64}},"12":{"start":{"line":35,"column":12},"end":{"line":35,"column":19}},"13":{"start":{"line":38,"column":20},"end":{"line":38,"column":33}},"14":{"start":{"line":40,"column":24},"end":{"line":40,"column":60}},"15":{"start":{"line":44,"column":8},"end":{"line":55,"column":9}},"16":{"start":{"line":45,"column":12},"end":{"line":51,"column":15}},"17":{"start":{"line":53,"column":12},"end":{"line":53,"column":76}},"18":{"start":{"line":54,"column":12},"end":{"line":54,"column":19}},"19":{"start":{"line":58,"column":8},"end":{"line":61,"column":9}},"20":{"start":{"line":59,"column":12},"end":{"line":59,"column":65}},"21":{"start":{"line":60,"column":12},"end":{"line":60,"column":19}},"22":{"start":{"line":63,"column":8},"end":{"line":66,"column":9}},"23":{"start":{"line":64,"column":12},"end":{"line":64,"column":104}},"24":{"start":{"line":65,"column":12},"end":{"line":65,"column":19}},"25":{"start":{"line":68,"column":8},"end":{"line":68,"column":40}},"26":{"start":{"line":69,"column":8},"end":{"line":69,"column":50}},"27":{"start":{"line":70,"column":8},"end":{"line":70,"column":37}},"28":{"start":{"line":75,"column":20},"end":{"line":75,"column":31}},"29":{"start":{"line":76,"column":8},"end":{"line":78,"column":9}},"30":{"start":{"line":77,"column":12},"end":{"line":77,"column":80}},"31":{"start":{"line":80,"column":25},"end":{"line":80,"column":29}},"32":{"start":{"line":81,"column":8},"end":{"line":83,"column":9}},"33":{"start":{"line":82,"column":11},"end":{"line":82,"column":39}},"34":{"start":{"line":85,"column":8},"end":{"line":117,"column":10}}},"fnMap":{"0":{"name":"(anonymous_0)","decl":{"start":{"line":6,"column":4},"end":{"line":6,"column":5}},"loc":{"start":{"line":6,"column":22},"end":{"line":15,"column":5}},"line":6},"1":{"name":"(anonymous_1)","decl":{"start":{"line":17,"column":21},"end":{"line":17,"column":22}},"loc":{"start":{"line":17,"column":32},"end":{"line":19,"column":5}},"line":17},"2":{"name":"(anonymous_2)","decl":{"start":{"line":21,"column":23},"end":{"line":21,"column":24}},"loc":{"start":{"line":21,"column":34},"end":{"line":23,"column":5}},"line":21},"3":{"name":"(anonymous_3)","decl":{"start":{"line":25,"column":22},"end":{"line":25,"column":23}},"loc":{"start":{"line":25,"column":33},"end":{"line":27,"column":5}},"line":25},"4":{"name":"(anonymous_4)","decl":{"start":{"line":29,"column":15},"end":{"line":29,"column":16}},"loc":{"start":{"line":29,"column":27},"end":{"line":71,"column":5}},"line":29},"5":{"name":"(anonymous_5)","decl":{"start":{"line":73,"column":4},"end":{"line":73,"column":5}},"loc":{"start":{"line":73,"column":12},"end":{"line":118,"column":5}},"line":73}},"branchMap":{"0":{"loc":{"start":{"line":33,"column":8},"end":{"line":36,"column":9}},"type":"if","locations":[{"start":{"line":33,"column":8},"end":{"line":36,"column":9}},{"start":{"line":33,"column":8},"end":{"line":36,"column":9}}],"line":33},"1":{"loc":{"start":{"line":58,"column":8},"end":{"line":61,"column":9}},"type":"if","locations":[{"start":{"line":58,"column":8},"end":{"line":61,"column":9}},{"start":{"line":58,"column":8},"end":{"line":61,"column":9}}],"line":58},"2":{"loc":{"start":{"line":63,"column":8},"end":{"line":66,"column":9}},"type":"if","locations":[{"start":{"line":63,"column":8},"end":{"line":66,"column":9}},{"start":{"line":63,"column":8},"end":{"line":66,"column":9}}],"line":63},"3":{"loc":{"start":{"line":76,"column":8},"end":{"line":78,"column":9}},"type":"if","locations":[{"start":{"line":76,"column":8},"end":{"line":78,"column":9}},{"start":{"line":76,"column":8},"end":{"line":78,"column":9}}],"line":76},"4":{"loc":{"start":{"line":81,"column":8},"end":{"line":83,"column":9}},"type":"if","locations":[{"start":{"line":81,"column":8},"end":{"line":83,"column":9}},{"start":{"line":81,"column":8},"end":{"line":83,"column":9}}],"line":81}},"s":{"0":3,"1":3,"2":3,"3":3,"4":3,"5":3,"6":3,"7":3,"8":3,"9":3,"10":3,"11":1,"12":1,"13":2,"14":2,"15":2,"16":2,"17":0,"18":0,"19":2,"20":1,"21":1,"22":1,"23":0,"24":0,"25":1,"26":1,"27":1,"28":15,"29":15,"30":2,"31":15,"32":15,"33":5,"34":15},"f":{"0":3,"1":3,"2":3,"3":3,"4":3,"5":15},"b":{"0":[1,2],"1":[1,1],"2":[0,1],"3":[2,13],"4":[5,10]},"_coverageSchema":"1a1c01bbd47fc00a2c39e90264f33305004495a9","hash":"08af7175de5567f86016723a8f122ffb0c4fc742"}
,"C:\\Users\\krist\\WebstormProjects\\api_design\\src\\server\\app.js": {"path":"C:\\Users\\krist\\WebstormProjects\\api_design\\src\\server\\app.js","statementMap":{"0":{"start":{"line":1,"column":16},"end":{"line":1,"column":34}},"1":{"start":{"line":2,"column":19},"end":{"line":2,"column":41}},"2":{"start":{"line":3,"column":17},"end":{"line":3,"column":36}},"3":{"start":{"line":4,"column":16},"end":{"line":4,"column":42}},"4":{"start":{"line":5,"column":22},"end":{"line":5,"column":56}},"5":{"start":{"line":6,"column":13},"end":{"line":6,"column":28}},"6":{"start":{"line":8,"column":16},"end":{"line":8,"column":44}},"7":{"start":{"line":9,"column":17},"end":{"line":9,"column":46}},"8":{"start":{"line":10,"column":14},"end":{"line":10,"column":35}},"9":{"start":{"line":12,"column":18},"end":{"line":12,"column":41}},"10":{"start":{"line":15,"column":12},"end":{"line":15,"column":21}},"11":{"start":{"line":18,"column":0},"end":{"line":18,"column":27}},"12":{"start":{"line":20,"column":0},"end":{"line":20,"column":20}},"13":{"start":{"line":23,"column":0},"end":{"line":27,"column":4}},"14":{"start":{"line":31,"column":0},"end":{"line":31,"column":34}},"15":{"start":{"line":34,"column":0},"end":{"line":50,"column":3}},"16":{"start":{"line":41,"column":19},"end":{"line":41,"column":53}},"17":{"start":{"line":43,"column":8},"end":{"line":45,"column":9}},"18":{"start":{"line":44,"column":12},"end":{"line":44,"column":77}},"19":{"start":{"line":47,"column":21},"end":{"line":47,"column":42}},"20":{"start":{"line":48,"column":8},"end":{"line":48,"column":32}},"21":{"start":{"line":53,"column":0},"end":{"line":55,"column":3}},"22":{"start":{"line":54,"column":4},"end":{"line":54,"column":24}},"23":{"start":{"line":57,"column":0},"end":{"line":66,"column":3}},"24":{"start":{"line":59,"column":17},"end":{"line":59,"column":34}},"25":{"start":{"line":61,"column":4},"end":{"line":65,"column":5}},"26":{"start":{"line":62,"column":8},"end":{"line":62,"column":25}},"27":{"start":{"line":64,"column":8},"end":{"line":64,"column":26}},"28":{"start":{"line":68,"column":0},"end":{"line":68,"column":31}},"29":{"start":{"line":69,"column":0},"end":{"line":69,"column":28}},"30":{"start":{"line":73,"column":0},"end":{"line":73,"column":25}},"31":{"start":{"line":74,"column":0},"end":{"line":74,"column":26}},"32":{"start":{"line":77,"column":0},"end":{"line":79,"column":3}},"33":{"start":{"line":78,"column":4},"end":{"line":78,"column":78}},"34":{"start":{"line":81,"column":0},"end":{"line":81,"column":23}}},"fnMap":{"0":{"name":"(anonymous_0)","decl":{"start":{"line":39,"column":4},"end":{"line":39,"column":5}},"loc":{"start":{"line":39,"column":38},"end":{"line":49,"column":5}},"line":39},"1":{"name":"(anonymous_1)","decl":{"start":{"line":53,"column":23},"end":{"line":53,"column":24}},"loc":{"start":{"line":53,"column":45},"end":{"line":55,"column":1}},"line":53},"2":{"name":"(anonymous_2)","decl":{"start":{"line":57,"column":25},"end":{"line":57,"column":26}},"loc":{"start":{"line":57,"column":45},"end":{"line":66,"column":1}},"line":57},"3":{"name":"(anonymous_3)","decl":{"start":{"line":77,"column":8},"end":{"line":77,"column":9}},"loc":{"start":{"line":77,"column":28},"end":{"line":79,"column":1}},"line":77}},"branchMap":{"0":{"loc":{"start":{"line":43,"column":8},"end":{"line":45,"column":9}},"type":"if","locations":[{"start":{"line":43,"column":8},"end":{"line":45,"column":9}},{"start":{"line":43,"column":8},"end":{"line":45,"column":9}}],"line":43},"1":{"loc":{"start":{"line":61,"column":4},"end":{"line":65,"column":5}},"type":"if","locations":[{"start":{"line":61,"column":4},"end":{"line":65,"column":5}},{"start":{"line":61,"column":4},"end":{"line":65,"column":5}}],"line":61}},"s":{"0":7,"1":7,"2":7,"3":7,"4":7,"5":7,"6":7,"7":7,"8":7,"9":7,"10":7,"11":7,"12":7,"13":7,"14":7,"15":7,"16":15,"17":15,"18":2,"19":13,"20":13,"21":7,"22":13,"23":7,"24":19,"25":19,"26":19,"27":0,"28":7,"29":7,"30":7,"31":7,"32":7,"33":0,"34":7},"f":{"0":15,"1":13,"2":19,"3":0},"b":{"0":[2,13],"1":[19,0]},"_coverageSchema":"1a1c01bbd47fc00a2c39e90264f33305004495a9","hash":"e3d927c5f245e7403dd0d520da3a5a2789d9b1ac"}
,"C:\\Users\\krist\\WebstormProjects\\api_design\\src\\server\\server.js": {"path":"C:\\Users\\krist\\WebstormProjects\\api_design\\src\\server\\server.js","statementMap":{"0":{"start":{"line":1,"column":14},"end":{"line":1,"column":30}},"1":{"start":{"line":3,"column":13},"end":{"line":3,"column":37}},"2":{"start":{"line":5,"column":0},"end":{"line":7,"column":3}},"3":{"start":{"line":6,"column":4},"end":{"line":6,"column":50}}},"fnMap":{"0":{"name":"(anonymous_0)","decl":{"start":{"line":5,"column":17},"end":{"line":5,"column":18}},"loc":{"start":{"line":5,"column":23},"end":{"line":7,"column":1}},"line":5}},"branchMap":{"0":{"loc":{"start":{"line":3,"column":13},"end":{"line":3,"column":37}},"type":"binary-expr","locations":[{"start":{"line":3,"column":13},"end":{"line":3,"column":29}},{"start":{"line":3,"column":33},"end":{"line":3,"column":37}}],"line":3}},"s":{"0":0,"1":0,"2":0,"3":0},"f":{"0":0},"b":{"0":[0,0]}}
,"C:\\Users\\krist\\WebstormProjects\\api_design\\src\\server\\ws-handler.js": {"path":"C:\\Users\\krist\\WebstormProjects\\api_design\\src\\server\\ws-handler.js","statementMap":{"0":{"start":{"line":1,"column":19},"end":{"line":1,"column":40}},"1":{"start":{"line":8,"column":4},"end":{"line":8,"column":26}},"2":{"start":{"line":10,"column":4},"end":{"line":19,"column":7}},"3":{"start":{"line":11,"column":8},"end":{"line":11,"column":55}},"4":{"start":{"line":13,"column":8},"end":{"line":13,"column":25}},"5":{"start":{"line":16,"column":8},"end":{"line":18,"column":11}},"6":{"start":{"line":17,"column":12},"end":{"line":17,"column":29}},"7":{"start":{"line":23,"column":14},"end":{"line":23,"column":39}},"8":{"start":{"line":25,"column":4},"end":{"line":30,"column":7}},"9":{"start":{"line":27,"column":21},"end":{"line":27,"column":51}},"10":{"start":{"line":29,"column":8},"end":{"line":29,"column":26}},"11":{"start":{"line":34,"column":0},"end":{"line":34,"column":24}}},"fnMap":{"0":{"name":"init","decl":{"start":{"line":6,"column":9},"end":{"line":6,"column":13}},"loc":{"start":{"line":6,"column":19},"end":{"line":20,"column":1}},"line":6},"1":{"name":"(anonymous_1)","decl":{"start":{"line":10,"column":16},"end":{"line":10,"column":17}},"loc":{"start":{"line":10,"column":39},"end":{"line":19,"column":5}},"line":10},"2":{"name":"(anonymous_2)","decl":{"start":{"line":16,"column":27},"end":{"line":16,"column":28}},"loc":{"start":{"line":16,"column":33},"end":{"line":18,"column":9}},"line":16},"3":{"name":"broadcastCount","decl":{"start":{"line":22,"column":9},"end":{"line":22,"column":23}},"loc":{"start":{"line":22,"column":26},"end":{"line":31,"column":1}},"line":22},"4":{"name":"(anonymous_4)","decl":{"start":{"line":25,"column":33},"end":{"line":25,"column":34}},"loc":{"start":{"line":25,"column":45},"end":{"line":30,"column":5}},"line":25}},"branchMap":{},"s":{"0":7,"1":7,"2":7,"3":2,"4":2,"5":2,"6":1,"7":3,"8":3,"9":4,"10":4,"11":7},"f":{"0":7,"1":2,"2":1,"3":3,"4":4},"b":{},"_coverageSchema":"1a1c01bbd47fc00a2c39e90264f33305004495a9","hash":"56c1074117074b6de2cd3e3d731d886bb21e8ff1"}
,"C:\\Users\\krist\\WebstormProjects\\api_design\\src\\server\\db\\matches.js": {"path":"C:\\Users\\krist\\WebstormProjects\\api_design\\src\\server\\db\\matches.js","statementMap":{"0":{"start":{"line":1,"column":27},"end":{"line":1,"column":45}},"1":{"start":{"line":2,"column":27},"end":{"line":2,"column":47}},"2":{"start":{"line":8,"column":16},"end":{"line":8,"column":25}},"3":{"start":{"line":10,"column":14},"end":{"line":10,"column":15}},"4":{"start":{"line":15,"column":20},"end":{"line":15,"column":39}},"5":{"start":{"line":16,"column":4},"end":{"line":18,"column":5}},"6":{"start":{"line":17,"column":8},"end":{"line":17,"column":40}},"7":{"start":{"line":20,"column":15},"end":{"line":20,"column":22}},"8":{"start":{"line":21,"column":4},"end":{"line":21,"column":14}},"9":{"start":{"line":23,"column":18},"end":{"line":29,"column":5}},"10":{"start":{"line":31,"column":4},"end":{"line":31,"column":31}},"11":{"start":{"line":33,"column":4},"end":{"line":33,"column":17}},"12":{"start":{"line":37,"column":4},"end":{"line":37,"column":31}},"13":{"start":{"line":41,"column":4},"end":{"line":41,"column":27}},"14":{"start":{"line":45,"column":0},"end":{"line":45,"column":54}}},"fnMap":{"0":{"name":"createMatch","decl":{"start":{"line":13,"column":9},"end":{"line":13,"column":20}},"loc":{"start":{"line":13,"column":46},"end":{"line":34,"column":1}},"line":13},"1":{"name":"getMatch","decl":{"start":{"line":36,"column":9},"end":{"line":36,"column":17}},"loc":{"start":{"line":36,"column":26},"end":{"line":38,"column":1}},"line":36},"2":{"name":"removeMatch","decl":{"start":{"line":40,"column":9},"end":{"line":40,"column":20}},"loc":{"start":{"line":40,"column":28},"end":{"line":42,"column":1}},"line":40}},"branchMap":{"0":{"loc":{"start":{"line":16,"column":4},"end":{"line":18,"column":5}},"type":"if","locations":[{"start":{"line":16,"column":4},"end":{"line":18,"column":5}},{"start":{"line":16,"column":4},"end":{"line":18,"column":5}}],"line":16}},"s":{"0":7,"1":7,"2":7,"3":7,"4":5,"5":5,"6":2,"7":5,"8":5,"9":5,"10":5,"11":5,"12":9,"13":2,"14":7},"f":{"0":5,"1":9,"2":2},"b":{"0":[2,3]},"_coverageSchema":"1a1c01bbd47fc00a2c39e90264f33305004495a9","hash":"5115aca554cb5cb5936d666410faf2389e5cf74d"}
,"C:\\Users\\krist\\WebstormProjects\\api_design\\src\\server\\db\\quizzes.js": {"path":"C:\\Users\\krist\\WebstormProjects\\api_design\\src\\server\\db\\quizzes.js","statementMap":{"0":{"start":{"line":1,"column":16},"end":{"line":57,"column":1}},"1":{"start":{"line":62,"column":4},"end":{"line":64,"column":5}},"2":{"start":{"line":63,"column":8},"end":{"line":63,"column":58}},"3":{"start":{"line":66,"column":4},"end":{"line":68,"column":5}},"4":{"start":{"line":67,"column":8},"end":{"line":67,"column":33}},"5":{"start":{"line":70,"column":22},"end":{"line":70,"column":44}},"6":{"start":{"line":72,"column":12},"end":{"line":72,"column":13}},"7":{"start":{"line":73,"column":4},"end":{"line":82,"column":5}},"8":{"start":{"line":75,"column":18},"end":{"line":75,"column":60}},"9":{"start":{"line":76,"column":8},"end":{"line":78,"column":9}},"10":{"start":{"line":77,"column":12},"end":{"line":77,"column":21}},"11":{"start":{"line":80,"column":8},"end":{"line":80,"column":25}},"12":{"start":{"line":81,"column":8},"end":{"line":81,"column":12}},"13":{"start":{"line":84,"column":4},"end":{"line":84,"column":54}},"14":{"start":{"line":84,"column":42},"end":{"line":84,"column":52}},"15":{"start":{"line":88,"column":0},"end":{"line":88,"column":45}}},"fnMap":{"0":{"name":"getRandomQuizzes","decl":{"start":{"line":60,"column":9},"end":{"line":60,"column":25}},"loc":{"start":{"line":60,"column":42},"end":{"line":85,"column":1}},"line":60},"1":{"name":"(anonymous_1)","decl":{"start":{"line":84,"column":37},"end":{"line":84,"column":38}},"loc":{"start":{"line":84,"column":42},"end":{"line":84,"column":52}},"line":84}},"branchMap":{"0":{"loc":{"start":{"line":62,"column":4},"end":{"line":64,"column":5}},"type":"if","locations":[{"start":{"line":62,"column":4},"end":{"line":64,"column":5}},{"start":{"line":62,"column":4},"end":{"line":64,"column":5}}],"line":62},"1":{"loc":{"start":{"line":66,"column":4},"end":{"line":68,"column":5}},"type":"if","locations":[{"start":{"line":66,"column":4},"end":{"line":68,"column":5}},{"start":{"line":66,"column":4},"end":{"line":68,"column":5}}],"line":66},"2":{"loc":{"start":{"line":76,"column":8},"end":{"line":78,"column":9}},"type":"if","locations":[{"start":{"line":76,"column":8},"end":{"line":78,"column":9}},{"start":{"line":76,"column":8},"end":{"line":78,"column":9}}],"line":76}},"s":{"0":8,"1":109,"2":2,"3":107,"4":1,"5":106,"6":106,"7":106,"8":247,"9":247,"10":31,"11":216,"12":216,"13":106,"14":216,"15":8},"f":{"0":109,"1":216},"b":{"0":[2,107],"1":[1,106],"2":[31,216]},"_coverageSchema":"1a1c01bbd47fc00a2c39e90264f33305004495a9","hash":"a06a83f9caf1aeda10662436ae07915139e29c7f"}
,"C:\\Users\\krist\\WebstormProjects\\api_design\\src\\server\\db\\users.js": {"path":"C:\\Users\\krist\\WebstormProjects\\api_design\\src\\server\\db\\users.js","statementMap":{"0":{"start":{"line":9,"column":14},"end":{"line":9,"column":23}},"1":{"start":{"line":14,"column":4},"end":{"line":14,"column":25}},"2":{"start":{"line":19,"column":17},"end":{"line":19,"column":28}},"3":{"start":{"line":21,"column":4},"end":{"line":23,"column":5}},"4":{"start":{"line":22,"column":8},"end":{"line":22,"column":21}},"5":{"start":{"line":25,"column":4},"end":{"line":25,"column":38}},"6":{"start":{"line":30,"column":4},"end":{"line":32,"column":5}},"7":{"start":{"line":31,"column":8},"end":{"line":31,"column":21}},"8":{"start":{"line":34,"column":17},"end":{"line":39,"column":5}},"9":{"start":{"line":41,"column":4},"end":{"line":41,"column":24}},"10":{"start":{"line":42,"column":4},"end":{"line":42,"column":16}},"11":{"start":{"line":46,"column":4},"end":{"line":46,"column":18}},"12":{"start":{"line":51,"column":17},"end":{"line":51,"column":32}},"13":{"start":{"line":52,"column":4},"end":{"line":54,"column":5}},"14":{"start":{"line":53,"column":8},"end":{"line":53,"column":42}},"15":{"start":{"line":56,"column":4},"end":{"line":60,"column":5}},"16":{"start":{"line":57,"column":8},"end":{"line":57,"column":25}},"17":{"start":{"line":59,"column":8},"end":{"line":59,"column":23}},"18":{"start":{"line":64,"column":0},"end":{"line":64,"column":84}}},"fnMap":{"0":{"name":"getUser","decl":{"start":{"line":12,"column":9},"end":{"line":12,"column":16}},"loc":{"start":{"line":12,"column":20},"end":{"line":15,"column":1}},"line":12},"1":{"name":"verifyUser","decl":{"start":{"line":17,"column":9},"end":{"line":17,"column":19}},"loc":{"start":{"line":17,"column":33},"end":{"line":26,"column":1}},"line":17},"2":{"name":"createUser","decl":{"start":{"line":28,"column":9},"end":{"line":28,"column":19}},"loc":{"start":{"line":28,"column":33},"end":{"line":43,"column":1}},"line":28},"3":{"name":"resetAllUsers","decl":{"start":{"line":45,"column":9},"end":{"line":45,"column":22}},"loc":{"start":{"line":45,"column":24},"end":{"line":47,"column":1}},"line":45},"4":{"name":"reportEndOfMatch","decl":{"start":{"line":49,"column":9},"end":{"line":49,"column":25}},"loc":{"start":{"line":49,"column":44},"end":{"line":61,"column":1}},"line":49}},"branchMap":{"0":{"loc":{"start":{"line":21,"column":4},"end":{"line":23,"column":5}},"type":"if","locations":[{"start":{"line":21,"column":4},"end":{"line":23,"column":5}},{"start":{"line":21,"column":4},"end":{"line":23,"column":5}}],"line":21},"1":{"loc":{"start":{"line":30,"column":4},"end":{"line":32,"column":5}},"type":"if","locations":[{"start":{"line":30,"column":4},"end":{"line":32,"column":5}},{"start":{"line":30,"column":4},"end":{"line":32,"column":5}}],"line":30},"2":{"loc":{"start":{"line":52,"column":4},"end":{"line":54,"column":5}},"type":"if","locations":[{"start":{"line":52,"column":4},"end":{"line":54,"column":5}},{"start":{"line":52,"column":4},"end":{"line":54,"column":5}}],"line":52},"3":{"loc":{"start":{"line":56,"column":4},"end":{"line":60,"column":5}},"type":"if","locations":[{"start":{"line":56,"column":4},"end":{"line":60,"column":5}},{"start":{"line":56,"column":4},"end":{"line":60,"column":5}}],"line":56}},"s":{"0":7,"1":66,"2":15,"3":15,"4":2,"5":13,"6":13,"7":1,"8":12,"9":12,"10":12,"11":9,"12":4,"13":4,"14":0,"15":4,"16":1,"17":3,"18":7},"f":{"0":66,"1":15,"2":13,"3":9,"4":4},"b":{"0":[2,13],"1":[1,12],"2":[0,4],"3":[1,3]},"_coverageSchema":"1a1c01bbd47fc00a2c39e90264f33305004495a9","hash":"04d5d3adc1f2a85b0bb28f8177321bbaf1c0a86d"}
,"C:\\Users\\krist\\WebstormProjects\\api_design\\src\\server\\routes\\auth-api.js": {"path":"C:\\Users\\krist\\WebstormProjects\\api_design\\src\\server\\routes\\auth-api.js","statementMap":{"0":{"start":{"line":1,"column":16},"end":{"line":1,"column":34}},"1":{"start":{"line":2,"column":17},"end":{"line":2,"column":36}},"2":{"start":{"line":4,"column":14},"end":{"line":4,"column":36}},"3":{"start":{"line":6,"column":15},"end":{"line":6,"column":31}},"4":{"start":{"line":8,"column":0},"end":{"line":11,"column":3}},"5":{"start":{"line":10,"column":4},"end":{"line":10,"column":27}},"6":{"start":{"line":13,"column":0},"end":{"line":32,"column":3}},"7":{"start":{"line":15,"column":20},"end":{"line":15,"column":72}},"8":{"start":{"line":17,"column":4},"end":{"line":20,"column":5}},"9":{"start":{"line":18,"column":8},"end":{"line":18,"column":31}},"10":{"start":{"line":19,"column":8},"end":{"line":19,"column":15}},"11":{"start":{"line":22,"column":4},"end":{"line":31,"column":7}},"12":{"start":{"line":23,"column":8},"end":{"line":30,"column":11}},"13":{"start":{"line":24,"column":12},"end":{"line":29,"column":13}},"14":{"start":{"line":26,"column":16},"end":{"line":26,"column":39}},"15":{"start":{"line":28,"column":16},"end":{"line":28,"column":39}},"16":{"start":{"line":34,"column":0},"end":{"line":38,"column":3}},"17":{"start":{"line":36,"column":4},"end":{"line":36,"column":17}},"18":{"start":{"line":37,"column":4},"end":{"line":37,"column":27}},"19":{"start":{"line":45,"column":0},"end":{"line":58,"column":3}},"20":{"start":{"line":47,"column":4},"end":{"line":50,"column":5}},"21":{"start":{"line":48,"column":8},"end":{"line":48,"column":31}},"22":{"start":{"line":49,"column":8},"end":{"line":49,"column":15}},"23":{"start":{"line":52,"column":4},"end":{"line":57,"column":6}},"24":{"start":{"line":61,"column":0},"end":{"line":61,"column":24}}},"fnMap":{"0":{"name":"(anonymous_0)","decl":{"start":{"line":8,"column":54},"end":{"line":8,"column":55}},"loc":{"start":{"line":8,"column":68},"end":{"line":11,"column":1}},"line":8},"1":{"name":"(anonymous_1)","decl":{"start":{"line":13,"column":23},"end":{"line":13,"column":24}},"loc":{"start":{"line":13,"column":43},"end":{"line":32,"column":1}},"line":13},"2":{"name":"(anonymous_2)","decl":{"start":{"line":22,"column":45},"end":{"line":22,"column":46}},"loc":{"start":{"line":22,"column":51},"end":{"line":31,"column":5}},"line":22},"3":{"name":"(anonymous_3)","decl":{"start":{"line":23,"column":25},"end":{"line":23,"column":26}},"loc":{"start":{"line":23,"column":34},"end":{"line":30,"column":9}},"line":23},"4":{"name":"(anonymous_4)","decl":{"start":{"line":34,"column":23},"end":{"line":34,"column":24}},"loc":{"start":{"line":34,"column":43},"end":{"line":38,"column":1}},"line":34},"5":{"name":"(anonymous_5)","decl":{"start":{"line":45,"column":20},"end":{"line":45,"column":21}},"loc":{"start":{"line":45,"column":40},"end":{"line":58,"column":1}},"line":45}},"branchMap":{"0":{"loc":{"start":{"line":17,"column":4},"end":{"line":20,"column":5}},"type":"if","locations":[{"start":{"line":17,"column":4},"end":{"line":20,"column":5}},{"start":{"line":17,"column":4},"end":{"line":20,"column":5}}],"line":17},"1":{"loc":{"start":{"line":24,"column":12},"end":{"line":29,"column":13}},"type":"if","locations":[{"start":{"line":24,"column":12},"end":{"line":29,"column":13}},{"start":{"line":24,"column":12},"end":{"line":29,"column":13}}],"line":24},"2":{"loc":{"start":{"line":47,"column":4},"end":{"line":50,"column":5}},"type":"if","locations":[{"start":{"line":47,"column":4},"end":{"line":50,"column":5}},{"start":{"line":47,"column":4},"end":{"line":50,"column":5}}],"line":47}},"s":{"0":7,"1":7,"2":7,"3":7,"4":7,"5":3,"6":7,"7":11,"8":11,"9":1,"10":1,"11":10,"12":10,"13":10,"14":0,"15":10,"16":7,"17":2,"18":2,"19":7,"20":7,"21":3,"22":3,"23":4,"24":7},"f":{"0":3,"1":11,"2":10,"3":10,"4":2,"5":7},"b":{"0":[1,10],"1":[0,10],"2":[3,4]},"_coverageSchema":"1a1c01bbd47fc00a2c39e90264f33305004495a9","hash":"376617713ae519f299748b70eb85a80ea965a97c"}
,"C:\\Users\\krist\\WebstormProjects\\api_design\\src\\server\\routes\\match-api.js": {"path":"C:\\Users\\krist\\WebstormProjects\\api_design\\src\\server\\routes\\match-api.js","statementMap":{"0":{"start":{"line":1,"column":16},"end":{"line":1,"column":34}},"1":{"start":{"line":3,"column":45},"end":{"line":3,"column":69}},"2":{"start":{"line":4,"column":27},"end":{"line":4,"column":49}},"3":{"start":{"line":6,"column":15},"end":{"line":6,"column":31}},"4":{"start":{"line":12,"column":17},"end":{"line":12,"column":45}},"5":{"start":{"line":13,"column":24},"end":{"line":13,"column":47}},"6":{"start":{"line":14,"column":4},"end":{"line":14,"column":47}},"7":{"start":{"line":16,"column":20},"end":{"line":23,"column":5}},"8":{"start":{"line":25,"column":4},"end":{"line":25,"column":19}},"9":{"start":{"line":32,"column":0},"end":{"line":43,"column":3}},"10":{"start":{"line":34,"column":4},"end":{"line":37,"column":5}},"11":{"start":{"line":35,"column":8},"end":{"line":35,"column":31}},"12":{"start":{"line":36,"column":8},"end":{"line":36,"column":15}},"13":{"start":{"line":39,"column":18},"end":{"line":39,"column":45}},"14":{"start":{"line":40,"column":20},"end":{"line":40,"column":37}},"15":{"start":{"line":42,"column":4},"end":{"line":42,"column":34}},"16":{"start":{"line":46,"column":0},"end":{"line":62,"column":3}},"17":{"start":{"line":48,"column":4},"end":{"line":51,"column":5}},"18":{"start":{"line":49,"column":8},"end":{"line":49,"column":31}},"19":{"start":{"line":50,"column":8},"end":{"line":50,"column":15}},"20":{"start":{"line":53,"column":18},"end":{"line":53,"column":39}},"21":{"start":{"line":54,"column":4},"end":{"line":57,"column":5}},"22":{"start":{"line":55,"column":8},"end":{"line":55,"column":31}},"23":{"start":{"line":56,"column":8},"end":{"line":56,"column":15}},"24":{"start":{"line":59,"column":20},"end":{"line":59,"column":37}},"25":{"start":{"line":61,"column":4},"end":{"line":61,"column":34}},"26":{"start":{"line":64,"column":0},"end":{"line":97,"column":3}},"27":{"start":{"line":66,"column":4},"end":{"line":69,"column":5}},"28":{"start":{"line":67,"column":8},"end":{"line":67,"column":31}},"29":{"start":{"line":68,"column":8},"end":{"line":68,"column":15}},"30":{"start":{"line":71,"column":18},"end":{"line":71,"column":39}},"31":{"start":{"line":72,"column":4},"end":{"line":75,"column":5}},"32":{"start":{"line":73,"column":8},"end":{"line":73,"column":31}},"33":{"start":{"line":74,"column":8},"end":{"line":74,"column":15}},"34":{"start":{"line":77,"column":17},"end":{"line":77,"column":45}},"35":{"start":{"line":79,"column":16},"end":{"line":79,"column":24}},"36":{"start":{"line":81,"column":4},"end":{"line":92,"column":5}},"37":{"start":{"line":82,"column":8},"end":{"line":82,"column":28}},"38":{"start":{"line":83,"column":8},"end":{"line":83,"column":45}},"39":{"start":{"line":84,"column":8},"end":{"line":84,"column":33}},"40":{"start":{"line":86,"column":8},"end":{"line":86,"column":24}},"41":{"start":{"line":87,"column":8},"end":{"line":91,"column":9}},"42":{"start":{"line":88,"column":12},"end":{"line":88,"column":33}},"43":{"start":{"line":89,"column":12},"end":{"line":89,"column":48}},"44":{"start":{"line":90,"column":12},"end":{"line":90,"column":37}},"45":{"start":{"line":94,"column":20},"end":{"line":94,"column":37}},"46":{"start":{"line":96,"column":4},"end":{"line":96,"column":34}},"47":{"start":{"line":99,"column":0},"end":{"line":99,"column":24}}},"fnMap":{"0":{"name":"getPayload","decl":{"start":{"line":10,"column":9},"end":{"line":10,"column":19}},"loc":{"start":{"line":10,"column":26},"end":{"line":26,"column":1}},"line":10},"1":{"name":"(anonymous_1)","decl":{"start":{"line":32,"column":24},"end":{"line":32,"column":25}},"loc":{"start":{"line":32,"column":38},"end":{"line":43,"column":1}},"line":32},"2":{"name":"(anonymous_2)","decl":{"start":{"line":46,"column":31},"end":{"line":46,"column":32}},"loc":{"start":{"line":46,"column":45},"end":{"line":62,"column":1}},"line":46},"3":{"name":"(anonymous_3)","decl":{"start":{"line":64,"column":32},"end":{"line":64,"column":33}},"loc":{"start":{"line":64,"column":46},"end":{"line":97,"column":1}},"line":64}},"branchMap":{"0":{"loc":{"start":{"line":34,"column":4},"end":{"line":37,"column":5}},"type":"if","locations":[{"start":{"line":34,"column":4},"end":{"line":37,"column":5}},{"start":{"line":34,"column":4},"end":{"line":37,"column":5}}],"line":34},"1":{"loc":{"start":{"line":48,"column":4},"end":{"line":51,"column":5}},"type":"if","locations":[{"start":{"line":48,"column":4},"end":{"line":51,"column":5}},{"start":{"line":48,"column":4},"end":{"line":51,"column":5}}],"line":48},"2":{"loc":{"start":{"line":54,"column":4},"end":{"line":57,"column":5}},"type":"if","locations":[{"start":{"line":54,"column":4},"end":{"line":57,"column":5}},{"start":{"line":54,"column":4},"end":{"line":57,"column":5}}],"line":54},"3":{"loc":{"start":{"line":66,"column":4},"end":{"line":69,"column":5}},"type":"if","locations":[{"start":{"line":66,"column":4},"end":{"line":69,"column":5}},{"start":{"line":66,"column":4},"end":{"line":69,"column":5}}],"line":66},"4":{"loc":{"start":{"line":72,"column":4},"end":{"line":75,"column":5}},"type":"if","locations":[{"start":{"line":72,"column":4},"end":{"line":75,"column":5}},{"start":{"line":72,"column":4},"end":{"line":75,"column":5}}],"line":72},"5":{"loc":{"start":{"line":72,"column":7},"end":{"line":72,"column":47}},"type":"binary-expr","locations":[{"start":{"line":72,"column":7},"end":{"line":72,"column":14}},{"start":{"line":72,"column":18},"end":{"line":72,"column":31}},{"start":{"line":72,"column":35},"end":{"line":72,"column":47}}],"line":72},"6":{"loc":{"start":{"line":81,"column":4},"end":{"line":92,"column":5}},"type":"if","locations":[{"start":{"line":81,"column":4},"end":{"line":92,"column":5}},{"start":{"line":81,"column":4},"end":{"line":92,"column":5}}],"line":81},"7":{"loc":{"start":{"line":87,"column":8},"end":{"line":91,"column":9}},"type":"if","locations":[{"start":{"line":87,"column":8},"end":{"line":91,"column":9}},{"start":{"line":87,"column":8},"end":{"line":91,"column":9}}],"line":87}},"s":{"0":7,"1":7,"2":7,"3":7,"4":14,"5":14,"6":14,"7":14,"8":14,"9":7,"10":6,"11":1,"12":1,"13":5,"14":5,"15":5,"16":7,"17":4,"18":0,"19":0,"20":4,"21":4,"22":0,"23":0,"24":4,"25":4,"26":7,"27":5,"28":0,"29":0,"30":5,"31":5,"32":0,"33":0,"34":5,"35":5,"36":5,"37":1,"38":1,"39":1,"40":4,"41":4,"42":1,"43":1,"44":1,"45":5,"46":5,"47":7},"f":{"0":14,"1":6,"2":4,"3":5},"b":{"0":[1,5],"1":[0,4],"2":[0,4],"3":[0,5],"4":[0,5],"5":[5,5,5],"6":[1,4],"7":[1,3]},"_coverageSchema":"1a1c01bbd47fc00a2c39e90264f33305004495a9","hash":"f240dc1f346e76c039c97e92e0f6213f06be12ac"}
}
