TN:
SF:src\index.jsx
FNF:0
FNH:0
DA:10,0
LF:1
LH:0
BRF:0
BRH:0
end_of_record
TN:
SF:src\match.jsx
FN:7,(anonymous_0)
FN:14,(anonymous_1)
FN:24,(anonymous_2)
FN:25,(anonymous_3)
FN:28,(anonymous_4)
FNF:5
FNH:0
FNDA:0,(anonymous_0)
FNDA:0,(anonymous_1)
FNDA:0,(anonymous_2)
FNDA:0,(anonymous_3)
FNDA:0,(anonymous_4)
DA:8,0
DA:10,0
DA:14,0
DA:15,0
DA:16,0
DA:17,0
DA:19,0
DA:25,0
DA:30,0
DA:32,0
LF:10
LH:0
BRDA:15,0,0,0
BRDA:15,0,1,0
BRF:2
BRH:0
end_of_record
TN:
SF:src\quizzes.js
FN:55,getRandomQuizzes
FN:79,(anonymous_1)
FNF:2
FNH:2
FNDA:104,getRandomQuizzes
FNDA:201,(anonymous_1)
DA:1,2
DA:57,104
DA:58,2
DA:61,102
DA:62,1
DA:65,101
DA:67,101
DA:68,101
DA:70,227
DA:71,227
DA:72,26
DA:75,201
DA:76,201
DA:79,201
LF:14
LH:14
BRDA:57,0,0,2
BRDA:57,0,1,102
BRDA:61,1,0,1
BRDA:61,1,1,101
BRDA:71,2,0,26
BRDA:71,2,1,201
BRF:6
BRH:6
end_of_record
