TN:
SF:src\client\headerbar.jsx
FN:9,(anonymous_0)
FN:13,(anonymous_1)
FN:34,(anonymous_2)
FN:49,(anonymous_3)
FN:65,(anonymous_4)
FNF:5
FNH:5
FNDA:3,(anonymous_0)
FNDA:1,(anonymous_1)
FNDA:2,(anonymous_2)
FNDA:1,(anonymous_3)
FNDA:3,(anonymous_4)
DA:10,3
DA:13,3
DA:14,1
DA:18,1
DA:19,1
DA:21,0
DA:22,0
DA:25,1
DA:26,0
DA:27,0
DA:30,1
DA:31,1
DA:35,2
DA:50,1
DA:66,3
DA:69,3
DA:70,1
DA:72,2
DA:75,3
LF:19
LH:15
BRDA:25,0,0,0
BRDA:25,0,1,1
BRDA:69,1,0,1
BRDA:69,1,1,2
BRF:4
BRH:3
end_of_record
TN:
SF:src\client\home.jsx
FN:6,(anonymous_0)
FN:10,(anonymous_1)
FN:17,(anonymous_2)
FNF:3
FNH:3
FNDA:2,(anonymous_0)
FNDA:2,(anonymous_1)
FNDA:2,(anonymous_2)
DA:7,2
DA:11,2
DA:12,1
DA:18,2
DA:20,2
LF:5
LH:5
BRDA:11,0,0,1
BRDA:11,0,1,1
BRDA:39,1,0,1
BRDA:39,1,1,1
BRF:4
BRH:4
end_of_record
TN:
SF:src\client\index.jsx
FN:14,(anonymous_0)
FN:42,(anonymous_1)
FN:53,(anonymous_2)
FN:66,(anonymous_3)
FN:70,(anonymous_4)
FN:99,(anonymous_5)
FN:104,(anonymous_6)
FN:116,(anonymous_7)
FN:133,(anonymous_8)
FN:139,(anonymous_9)
FN:142,(anonymous_10)
FN:145,(anonymous_11)
FNF:12
FNH:0
FNDA:0,(anonymous_0)
FNDA:0,(anonymous_1)
FNDA:0,(anonymous_2)
FNDA:0,(anonymous_3)
FNDA:0,(anonymous_4)
FNDA:0,(anonymous_5)
FNDA:0,(anonymous_6)
FNDA:0,(anonymous_7)
FNDA:0,(anonymous_8)
FNDA:0,(anonymous_9)
FNDA:0,(anonymous_10)
FNDA:0,(anonymous_11)
DA:15,0
DA:24,0
DA:43,0
DA:46,0
DA:47,0
DA:48,0
DA:51,0
DA:53,0
DA:55,0
DA:57,0
DA:58,0
DA:59,0
DA:62,0
DA:67,0
DA:70,0
DA:72,0
DA:76,0
DA:77,0
DA:81,0
DA:82,0
DA:85,0
DA:87,0
DA:88,0
DA:91,0
DA:94,0
DA:95,0
DA:99,0
DA:100,0
DA:105,0
DA:124,0
DA:126,0
DA:133,0
DA:139,0
DA:142,0
DA:145,0
DA:157,0
LF:36
LH:0
BRDA:47,0,0,0
BRDA:47,0,1,0
BRDA:57,1,0,0
BRDA:57,1,1,0
BRDA:57,2,0,0
BRDA:57,2,1,0
BRDA:85,3,0,0
BRDA:85,3,1,0
BRDA:91,4,0,0
BRDA:91,4,1,0
BRDA:124,5,0,0
BRDA:124,5,1,0
BRF:12
BRH:0
end_of_record
TN:
SF:src\client\login.jsx
FN:7,(anonymous_0)
FN:17,(anonymous_1)
FN:21,(anonymous_2)
FN:25,(anonymous_3)
FN:64,(anonymous_4)
FNF:5
FNH:5
FNDA:2,(anonymous_0)
FNDA:2,(anonymous_1)
FNDA:2,(anonymous_2)
FNDA:2,(anonymous_3)
FNDA:8,(anonymous_4)
DA:8,2
DA:10,2
DA:17,2
DA:18,2
DA:21,2
DA:22,2
DA:25,2
DA:26,2
DA:28,2
DA:30,2
DA:34,2
DA:35,2
DA:43,0
DA:44,0
DA:48,2
DA:49,1
DA:50,1
DA:53,1
DA:54,0
DA:55,0
DA:58,1
DA:59,1
DA:60,1
DA:66,8
DA:67,8
DA:68,1
DA:72,8
LF:27
LH:23
BRDA:48,0,0,1
BRDA:48,0,1,1
BRDA:53,1,0,0
BRDA:53,1,1,1
BRDA:67,2,0,1
BRDA:67,2,1,7
BRF:6
BRH:5
end_of_record
TN:
SF:src\client\match.jsx
FN:7,(anonymous_0)
FN:16,(anonymous_1)
FN:20,(anonymous_2)
FN:55,(anonymous_3)
FN:86,(anonymous_4)
FN:88,(anonymous_5)
FN:94,(anonymous_6)
FN:132,(anonymous_7)
FN:139,(anonymous_8)
FNF:9
FNH:7
FNDA:4,(anonymous_0)
FNDA:4,(anonymous_1)
FNDA:4,(anonymous_2)
FNDA:0,(anonymous_3)
FNDA:28,(anonymous_4)
FNDA:5,(anonymous_5)
FNDA:5,(anonymous_6)
FNDA:0,(anonymous_7)
FNDA:13,(anonymous_8)
DA:8,4
DA:10,4
DA:17,4
DA:20,4
DA:21,4
DA:25,4
DA:26,4
DA:30,0
DA:31,0
DA:34,4
DA:35,0
DA:36,0
DA:37,0
DA:40,4
DA:41,0
DA:42,0
DA:45,4
DA:46,0
DA:47,0
DA:50,4
DA:51,4
DA:55,4
DA:57,0
DA:61,0
DA:62,0
DA:66,0
DA:67,0
DA:70,0
DA:71,0
DA:72,0
DA:73,0
DA:76,0
DA:77,0
DA:78,0
DA:81,0
DA:82,0
DA:86,4
DA:87,28
DA:88,5
DA:94,4
DA:95,5
DA:99,5
DA:100,5
DA:108,0
DA:109,0
DA:112,5
DA:113,0
DA:114,0
DA:115,0
DA:118,5
DA:119,0
DA:120,0
DA:123,5
DA:124,5
DA:126,5
DA:127,2
DA:132,4
DA:133,0
DA:141,13
DA:142,0
DA:145,13
DA:146,4
DA:149,9
DA:150,1
DA:159,8
DA:160,1
DA:170,7
DA:171,7
DA:173,7
LF:69
LH:37
BRDA:34,0,0,0
BRDA:34,0,1,4
BRDA:40,1,0,0
BRDA:40,1,1,4
BRDA:45,2,0,0
BRDA:45,2,1,4
BRDA:70,3,0,0
BRDA:70,3,1,0
BRDA:76,4,0,0
BRDA:76,4,1,0
BRDA:112,5,0,0
BRDA:112,5,1,5
BRDA:118,6,0,0
BRDA:118,6,1,5
BRDA:126,7,0,2
BRDA:126,7,1,3
BRDA:126,8,0,5
BRDA:126,8,1,4
BRDA:141,9,0,0
BRDA:141,9,1,13
BRDA:145,10,0,4
BRDA:145,10,1,9
BRDA:149,11,0,1
BRDA:149,11,1,8
BRDA:154,12,0,0
BRDA:154,12,1,1
BRDA:159,13,0,1
BRDA:159,13,1,7
BRDA:164,14,0,0
BRDA:164,14,1,1
BRF:30
BRH:18
end_of_record
TN:
SF:src\client\signup.jsx
FN:6,(anonymous_0)
FN:17,(anonymous_1)
FN:21,(anonymous_2)
FN:25,(anonymous_3)
FN:29,(anonymous_4)
FN:73,(anonymous_5)
FNF:6
FNH:6
FNDA:3,(anonymous_0)
FNDA:3,(anonymous_1)
FNDA:3,(anonymous_2)
FNDA:3,(anonymous_3)
FNDA:3,(anonymous_4)
FNDA:15,(anonymous_5)
DA:7,3
DA:9,3
DA:17,3
DA:18,3
DA:21,3
DA:22,3
DA:25,3
DA:26,3
DA:29,3
DA:31,3
DA:33,3
DA:34,1
DA:35,1
DA:38,2
DA:40,2
DA:44,2
DA:45,2
DA:53,0
DA:54,0
DA:58,2
DA:59,1
DA:60,1
DA:63,1
DA:64,0
DA:65,0
DA:68,1
DA:69,1
DA:70,1
DA:75,15
DA:76,15
DA:77,2
DA:80,15
DA:81,15
DA:82,5
DA:85,15
LF:35
LH:31
BRDA:33,0,0,1
BRDA:33,0,1,2
BRDA:58,1,0,1
BRDA:58,1,1,1
BRDA:63,2,0,0
BRDA:63,2,1,1
BRDA:76,3,0,2
BRDA:76,3,1,13
BRDA:81,4,0,5
BRDA:81,4,1,10
BRF:10
BRH:9
end_of_record
TN:
SF:src\server\app.js
FN:39,(anonymous_0)
FN:53,(anonymous_1)
FN:57,(anonymous_2)
FN:77,(anonymous_3)
FNF:4
FNH:3
FNDA:15,(anonymous_0)
FNDA:13,(anonymous_1)
FNDA:19,(anonymous_2)
FNDA:0,(anonymous_3)
DA:1,7
DA:2,7
DA:3,7
DA:4,7
DA:5,7
DA:6,7
DA:8,7
DA:9,7
DA:10,7
DA:12,7
DA:15,7
DA:18,7
DA:20,7
DA:23,7
DA:31,7
DA:34,7
DA:41,15
DA:43,15
DA:44,2
DA:47,13
DA:48,13
DA:53,7
DA:54,13
DA:57,7
DA:59,19
DA:61,19
DA:62,19
DA:64,0
DA:68,7
DA:69,7
DA:73,7
DA:74,7
DA:77,7
DA:78,0
DA:81,7
LF:35
LH:33
BRDA:43,0,0,2
BRDA:43,0,1,13
BRDA:61,1,0,19
BRDA:61,1,1,0
BRF:4
BRH:3
end_of_record
TN:
SF:src\server\server.js
FN:5,(anonymous_0)
FNF:1
FNH:0
FNDA:0,(anonymous_0)
DA:1,0
DA:3,0
DA:5,0
DA:6,0
LF:4
LH:0
BRDA:3,0,0,0
BRDA:3,0,1,0
BRF:2
BRH:0
end_of_record
TN:
SF:src\server\ws-handler.js
FN:6,init
FN:10,(anonymous_1)
FN:16,(anonymous_2)
FN:22,broadcastCount
FN:25,(anonymous_4)
FNF:5
FNH:5
FNDA:7,init
FNDA:2,(anonymous_1)
FNDA:1,(anonymous_2)
FNDA:3,broadcastCount
FNDA:4,(anonymous_4)
DA:1,7
DA:8,7
DA:10,7
DA:11,2
DA:13,2
DA:16,2
DA:17,1
DA:23,3
DA:25,3
DA:27,4
DA:29,4
DA:34,7
LF:12
LH:12
BRF:0
BRH:0
end_of_record
TN:
SF:src\server\db\matches.js
FN:13,createMatch
FN:36,getMatch
FN:40,removeMatch
FNF:3
FNH:3
FNDA:5,createMatch
FNDA:9,getMatch
FNDA:2,removeMatch
DA:1,7
DA:2,7
DA:8,7
DA:10,7
DA:15,5
DA:16,5
DA:17,2
DA:20,5
DA:21,5
DA:23,5
DA:31,5
DA:33,5
DA:37,9
DA:41,2
DA:45,7
LF:15
LH:15
BRDA:16,0,0,2
BRDA:16,0,1,3
BRF:2
BRH:2
end_of_record
TN:
SF:src\server\db\quizzes.js
FN:60,getRandomQuizzes
FN:84,(anonymous_1)
FNF:2
FNH:2
FNDA:109,getRandomQuizzes
FNDA:216,(anonymous_1)
DA:1,8
DA:62,109
DA:63,2
DA:66,107
DA:67,1
DA:70,106
DA:72,106
DA:73,106
DA:75,247
DA:76,247
DA:77,31
DA:80,216
DA:81,216
DA:84,216
DA:88,8
LF:15
LH:15
BRDA:62,0,0,2
BRDA:62,0,1,107
BRDA:66,1,0,1
BRDA:66,1,1,106
BRDA:76,2,0,31
BRDA:76,2,1,216
BRF:6
BRH:6
end_of_record
TN:
SF:src\server\db\users.js
FN:12,getUser
FN:17,verifyUser
FN:28,createUser
FN:45,resetAllUsers
FN:49,reportEndOfMatch
FNF:5
FNH:5
FNDA:66,getUser
FNDA:15,verifyUser
FNDA:13,createUser
FNDA:9,resetAllUsers
FNDA:4,reportEndOfMatch
DA:9,7
DA:14,66
DA:19,15
DA:21,15
DA:22,2
DA:25,13
DA:30,13
DA:31,1
DA:34,12
DA:41,12
DA:42,12
DA:46,9
DA:51,4
DA:52,4
DA:53,0
DA:56,4
DA:57,1
DA:59,3
DA:64,7
LF:19
LH:18
BRDA:21,0,0,2
BRDA:21,0,1,13
BRDA:30,1,0,1
BRDA:30,1,1,12
BRDA:52,2,0,0
BRDA:52,2,1,4
BRDA:56,3,0,1
BRDA:56,3,1,3
BRF:8
BRH:7
end_of_record
TN:
SF:src\server\routes\auth-api.js
FN:8,(anonymous_0)
FN:13,(anonymous_1)
FN:22,(anonymous_2)
FN:23,(anonymous_3)
FN:34,(anonymous_4)
FN:45,(anonymous_5)
FNF:6
FNH:6
FNDA:3,(anonymous_0)
FNDA:11,(anonymous_1)
FNDA:10,(anonymous_2)
FNDA:10,(anonymous_3)
FNDA:2,(anonymous_4)
FNDA:7,(anonymous_5)
DA:1,7
DA:2,7
DA:4,7
DA:6,7
DA:8,7
DA:10,3
DA:13,7
DA:15,11
DA:17,11
DA:18,1
DA:19,1
DA:22,10
DA:23,10
DA:24,10
DA:26,0
DA:28,10
DA:34,7
DA:36,2
DA:37,2
DA:45,7
DA:47,7
DA:48,3
DA:49,3
DA:52,4
DA:61,7
LF:25
LH:24
BRDA:17,0,0,1
BRDA:17,0,1,10
BRDA:24,1,0,0
BRDA:24,1,1,10
BRDA:47,2,0,3
BRDA:47,2,1,4
BRF:6
BRH:5
end_of_record
TN:
SF:src\server\routes\match-api.js
FN:10,getPayload
FN:32,(anonymous_1)
FN:46,(anonymous_2)
FN:64,(anonymous_3)
FNF:4
FNH:4
FNDA:14,getPayload
FNDA:6,(anonymous_1)
FNDA:4,(anonymous_2)
FNDA:5,(anonymous_3)
DA:1,7
DA:3,7
DA:4,7
DA:6,7
DA:12,14
DA:13,14
DA:14,14
DA:16,14
DA:25,14
DA:32,7
DA:34,6
DA:35,1
DA:36,1
DA:39,5
DA:40,5
DA:42,5
DA:46,7
DA:48,4
DA:49,0
DA:50,0
DA:53,4
DA:54,4
DA:55,0
DA:56,0
DA:59,4
DA:61,4
DA:64,7
DA:66,5
DA:67,0
DA:68,0
DA:71,5
DA:72,5
DA:73,0
DA:74,0
DA:77,5
DA:79,5
DA:81,5
DA:82,1
DA:83,1
DA:84,1
DA:86,4
DA:87,4
DA:88,1
DA:89,1
DA:90,1
DA:94,5
DA:96,5
DA:99,7
LF:48
LH:40
BRDA:34,0,0,1
BRDA:34,0,1,5
BRDA:48,1,0,0
BRDA:48,1,1,4
BRDA:54,2,0,0
BRDA:54,2,1,4
BRDA:66,3,0,0
BRDA:66,3,1,5
BRDA:72,4,0,0
BRDA:72,4,1,5
BRDA:72,5,0,5
BRDA:72,5,1,5
BRDA:72,5,2,5
BRDA:81,6,0,1
BRDA:81,6,1,4
BRDA:87,7,0,1
BRDA:87,7,1,3
BRF:17
BRH:13
end_of_record
